gyp info it worked if it ends with ok
gyp info using node-gyp@7.1.2
gyp info using node@15.6.0 | linux | x64
gyp info find Python using Python version 3.6.9 found at "/usr/bin/python3"
gyp info spawn /usr/bin/python3
gyp info spawn args [
gyp info spawn args   '/usr/lib/node_modules/npm/node_modules/node-gyp/gyp/gyp_main.py',
gyp info spawn args   'binding.gyp',
gyp info spawn args   '-f',
gyp info spawn args   'make',
gyp info spawn args   '-I',
gyp info spawn args   '/home/namrata/namrata/node_modules/ursa-optional/build/config.gypi',
gyp info spawn args   '-I',
gyp info spawn args   '/usr/lib/node_modules/npm/node_modules/node-gyp/addon.gypi',
gyp info spawn args   '-I',
gyp info spawn args   '/home/namrata/.cache/node-gyp/15.6.0/include/node/common.gypi',
gyp info spawn args   '-Dlibrary=shared_library',
gyp info spawn args   '-Dvisibility=default',
gyp info spawn args   '-Dnode_root_dir=/home/namrata/.cache/node-gyp/15.6.0',
gyp info spawn args   '-Dnode_gyp_dir=/usr/lib/node_modules/npm/node_modules/node-gyp',
gyp info spawn args   '-Dnode_lib_file=/home/namrata/.cache/node-gyp/15.6.0/<(target_arch)/node.lib',
gyp info spawn args   '-Dmodule_root_dir=/home/namrata/namrata/node_modules/ursa-optional',
gyp info spawn args   '-Dnode_engine=v8',
gyp info spawn args   '--depth=.',
gyp info spawn args   '--no-parallel',
gyp info spawn args   '--generator-output',
gyp info spawn args   'build',
gyp info spawn args   '-Goutput_dir=.'
gyp info spawn args ]
gyp info spawn make
gyp info spawn args [ 'BUILDTYPE=Release', '-C', 'build' ]
../src/ursaNative.cc: In function ‘char* copyBufferToUtf8String(v8::Local<v8::String>)’:
../src/ursaNative.cc:543:32: error: no matching function for call to ‘v8::String::Utf8Length()’
   int length = str->Utf8Length();
                                ^
In file included from /home/namrata/.cache/node-gyp/15.6.0/include/node/node.h:63:0,
                 from ../src/ursaNative.h:9,
                 from ../src/ursaNative.cc:3:
/home/namrata/.cache/node-gyp/15.6.0/include/node/v8.h:3023:7: note: candidate: int v8::String::Utf8Length(v8::Isolate*) const
   int Utf8Length(Isolate* isolate) const;
       ^~~~~~~~~~
/home/namrata/.cache/node-gyp/15.6.0/include/node/v8.h:3023:7: note:   candidate expects 1 argument, 0 provided
../src/ursaNative.cc:553:36: error: no matching function for call to ‘v8::String::WriteUtf8(char*&, int)’
   str->WriteUtf8(result, length + 1);
                                    ^
In file included from /home/namrata/.cache/node-gyp/15.6.0/include/node/node.h:63:0,
                 from ../src/ursaNative.h:9,
                 from ../src/ursaNative.cc:3:
/home/namrata/.cache/node-gyp/15.6.0/include/node/v8.h:3083:7: note: candidate: int v8::String::WriteUtf8(v8::Isolate*, char*, int, int*, int) const
   int WriteUtf8(Isolate* isolate, char* buffer, int length = -1,
       ^~~~~~~~~
/home/namrata/.cache/node-gyp/15.6.0/include/node/v8.h:3083:7: note:   no known conversion for argument 1 from ‘char*’ to ‘v8::Isolate*’
../src/ursaNative.cc: In static member function ‘static void RsaWrap::InitClass(v8::Local<v8::Object>)’:
../src/ursaNative.cc:690:68: error: no matching function for call to ‘v8::FunctionTemplate::GetFunction()’
   target->Set(NanNew("RsaWrap").ToLocalChecked(), tpl->GetFunction());
                                                                    ^
In file included from /home/namrata/.cache/node-gyp/15.6.0/include/node/node.h:63:0,
                 from ../src/ursaNative.h:9,
                 from ../src/ursaNative.cc:3:
/home/namrata/.cache/node-gyp/15.6.0/include/node/v8.h:6497:46: note: candidate: v8::MaybeLocal<v8::Function> v8::FunctionTemplate::GetFunction(v8::Local<v8::Context>)
   V8_WARN_UNUSED_RESULT MaybeLocal<Function> GetFunction(
                                              ^~~~~~~~~~~
/home/namrata/.cache/node-gyp/15.6.0/include/node/v8.h:6497:46: note:   candidate expects 1 argument, 0 provided
../src/ursaNative.cc:691:38: error: no matching function for call to ‘v8::FunctionTemplate::GetFunction()’
   constructor.Reset(tpl->GetFunction());
                                      ^
In file included from /home/namrata/.cache/node-gyp/15.6.0/include/node/node.h:63:0,
                 from ../src/ursaNative.h:9,
                 from ../src/ursaNative.cc:3:
/home/namrata/.cache/node-gyp/15.6.0/include/node/v8.h:6497:46: note: candidate: v8::MaybeLocal<v8::Function> v8::FunctionTemplate::GetFunction(v8::Local<v8::Context>)
   V8_WARN_UNUSED_RESULT MaybeLocal<Function> GetFunction(
                                              ^~~~~~~~~~~
/home/namrata/.cache/node-gyp/15.6.0/include/node/v8.h:6497:46: note:   candidate expects 1 argument, 0 provided
../src/ursaNative.cc:693:104: error: no matching function for call to ‘v8::FunctionTemplate::GetFunction()’
   target->Set(NanNew("textToNid").ToLocalChecked(), Nan::New<FunctionTemplate>(TextToNid)->GetFunction());
                                                                                                        ^
In file included from /home/namrata/.cache/node-gyp/15.6.0/include/node/node.h:63:0,
                 from ../src/ursaNative.h:9,
                 from ../src/ursaNative.cc:3:
/home/namrata/.cache/node-gyp/15.6.0/include/node/v8.h:6497:46: note: candidate: v8::MaybeLocal<v8::Function> v8::FunctionTemplate::GetFunction(v8::Local<v8::Context>)
   V8_WARN_UNUSED_RESULT MaybeLocal<Function> GetFunction(
                                              ^~~~~~~~~~~
/home/namrata/.cache/node-gyp/15.6.0/include/node/v8.h:6497:46: note:   candidate expects 1 argument, 0 provided
../src/ursaNative.cc: In static member function ‘static Nan::NAN_METHOD_RETURN_TYPE RsaWrap::GeneratePrivateKey(Nan::NAN_METHOD_ARGS_TYPE)’:
../src/ursaNative.cc:866:42: error: no matching function for call to ‘v8::Value::Uint32Value()’
   int modulusBits = args[0]->Uint32Value();
                                          ^
In file included from /home/namrata/.cache/node-gyp/15.6.0/include/node/node.h:63:0,
                 from ../src/ursaNative.h:9,
                 from ../src/ursaNative.cc:3:
/home/namrata/.cache/node-gyp/15.6.0/include/node/v8.h:2912:41: note: candidate: v8::Maybe<unsigned int> v8::Value::Uint32Value(v8::Local<v8::Context>) const
   V8_WARN_UNUSED_RESULT Maybe<uint32_t> Uint32Value(
                                         ^~~~~~~~~~~
/home/namrata/.cache/node-gyp/15.6.0/include/node/v8.h:2912:41: note:   candidate expects 1 argument, 0 provided
../src/ursaNative.cc:867:39: error: no matching function for call to ‘v8::Value::Uint32Value()’
   int exponent = args[1]->Uint32Value();
                                       ^
In file included from /home/namrata/.cache/node-gyp/15.6.0/include/node/node.h:63:0,
                 from ../src/ursaNative.h:9,
                 from ../src/ursaNative.cc:3:
/home/namrata/.cache/node-gyp/15.6.0/include/node/v8.h:2912:41: note: candidate: v8::Maybe<unsigned int> v8::Value::Uint32Value(v8::Local<v8::Context>) const
   V8_WARN_UNUSED_RESULT Maybe<uint32_t> Uint32Value(
                                         ^~~~~~~~~~~
/home/namrata/.cache/node-gyp/15.6.0/include/node/v8.h:2912:41: note:   candidate expects 1 argument, 0 provided
../src/ursaNative.cc: In static member function ‘static Nan::NAN_METHOD_RETURN_TYPE RsaWrap::PrivateDecrypt(Nan::NAN_METHOD_ARGS_TYPE)’:
../src/ursaNative.cc:1103:38: error: no matching function for call to ‘v8::Value::Uint32Value()’
   int padding = args[1]->Uint32Value();
                                      ^
In file included from /home/namrata/.cache/node-gyp/15.6.0/include/node/node.h:63:0,
                 from ../src/ursaNative.h:9,
                 from ../src/ursaNative.cc:3:
/home/namrata/.cache/node-gyp/15.6.0/include/node/v8.h:2912:41: note: candidate: v8::Maybe<unsigned int> v8::Value::Uint32Value(v8::Local<v8::Context>) const
   V8_WARN_UNUSED_RESULT Maybe<uint32_t> Uint32Value(
                                         ^~~~~~~~~~~
/home/namrata/.cache/node-gyp/15.6.0/include/node/v8.h:2912:41: note:   candidate expects 1 argument, 0 provided
../src/ursaNative.cc: In static member function ‘static Nan::NAN_METHOD_RETURN_TYPE RsaWrap::PrivateEncrypt(Nan::NAN_METHOD_ARGS_TYPE)’:
../src/ursaNative.cc:1161:38: error: no matching function for call to ‘v8::Value::Uint32Value()’
   int padding = args[1]->Uint32Value();
                                      ^
In file included from /home/namrata/.cache/node-gyp/15.6.0/include/node/node.h:63:0,
                 from ../src/ursaNative.h:9,
                 from ../src/ursaNative.cc:3:
/home/namrata/.cache/node-gyp/15.6.0/include/node/v8.h:2912:41: note: candidate: v8::Maybe<unsigned int> v8::Value::Uint32Value(v8::Local<v8::Context>) const
   V8_WARN_UNUSED_RESULT Maybe<uint32_t> Uint32Value(
                                         ^~~~~~~~~~~
/home/namrata/.cache/node-gyp/15.6.0/include/node/v8.h:2912:41: note:   candidate expects 1 argument, 0 provided
../src/ursaNative.cc: In static member function ‘static Nan::NAN_METHOD_RETURN_TYPE RsaWrap::PublicDecrypt(Nan::NAN_METHOD_ARGS_TYPE)’:
../src/ursaNative.cc:1218:38: error: no matching function for call to ‘v8::Value::Uint32Value()’
   int padding = args[1]->Uint32Value();
                                      ^
In file included from /home/namrata/.cache/node-gyp/15.6.0/include/node/node.h:63:0,
                 from ../src/ursaNative.h:9,
                 from ../src/ursaNative.cc:3:
/home/namrata/.cache/node-gyp/15.6.0/include/node/v8.h:2912:41: note: candidate: v8::Maybe<unsigned int> v8::Value::Uint32Value(v8::Local<v8::Context>) const
   V8_WARN_UNUSED_RESULT Maybe<uint32_t> Uint32Value(
                                         ^~~~~~~~~~~
/home/namrata/.cache/node-gyp/15.6.0/include/node/v8.h:2912:41: note:   candidate expects 1 argument, 0 provided
../src/ursaNative.cc: In static member function ‘static Nan::NAN_METHOD_RETURN_TYPE RsaWrap::PublicEncrypt(Nan::NAN_METHOD_ARGS_TYPE)’:
../src/ursaNative.cc:1272:38: error: no matching function for call to ‘v8::Value::Uint32Value()’
   int padding = args[1]->Uint32Value();
                                      ^
In file included from /home/namrata/.cache/node-gyp/15.6.0/include/node/node.h:63:0,
                 from ../src/ursaNative.h:9,
                 from ../src/ursaNative.cc:3:
/home/namrata/.cache/node-gyp/15.6.0/include/node/v8.h:2912:41: note: candidate: v8::Maybe<unsigned int> v8::Value::Uint32Value(v8::Local<v8::Context>) const
   V8_WARN_UNUSED_RESULT Maybe<uint32_t> Uint32Value(
                                         ^~~~~~~~~~~
/home/namrata/.cache/node-gyp/15.6.0/include/node/v8.h:2912:41: note:   candidate expects 1 argument, 0 provided
../src/ursaNative.cc: In static member function ‘static Nan::NAN_METHOD_RETURN_TYPE RsaWrap::Sign(Nan::NAN_METHOD_ARGS_TYPE)’:
../src/ursaNative.cc:1411:34: error: no matching function for call to ‘v8::Value::Uint32Value()’
   int nid = args[0]->Uint32Value();
                                  ^
In file included from /home/namrata/.cache/node-gyp/15.6.0/include/node/node.h:63:0,
                 from ../src/ursaNative.h:9,
                 from ../src/ursaNative.cc:3:
/home/namrata/.cache/node-gyp/15.6.0/include/node/v8.h:2912:41: note: candidate: v8::Maybe<unsigned int> v8::Value::Uint32Value(v8::Local<v8::Context>) const
   V8_WARN_UNUSED_RESULT Maybe<uint32_t> Uint32Value(
                                         ^~~~~~~~~~~
/home/namrata/.cache/node-gyp/15.6.0/include/node/v8.h:2912:41: note:   candidate expects 1 argument, 0 provided
../src/ursaNative.cc: In static member function ‘static Nan::NAN_METHOD_RETURN_TYPE RsaWrap::Verify(Nan::NAN_METHOD_ARGS_TYPE)’:
../src/ursaNative.cc:1477:34: error: no matching function for call to ‘v8::Value::Uint32Value()’
   int nid = args[0]->Uint32Value();
                                  ^
In file included from /home/namrata/.cache/node-gyp/15.6.0/include/node/node.h:63:0,
                 from ../src/ursaNative.h:9,
                 from ../src/ursaNative.cc:3:
/home/namrata/.cache/node-gyp/15.6.0/include/node/v8.h:2912:41: note: candidate: v8::Maybe<unsigned int> v8::Value::Uint32Value(v8::Local<v8::Context>) const
   V8_WARN_UNUSED_RESULT Maybe<uint32_t> Uint32Value(
                                         ^~~~~~~~~~~
/home/namrata/.cache/node-gyp/15.6.0/include/node/v8.h:2912:41: note:   candidate expects 1 argument, 0 provided
../src/ursaNative.cc: In static member function ‘static Nan::NAN_METHOD_RETURN_TYPE RsaWrap::AddPSSPadding(Nan::NAN_METHOD_ARGS_TYPE)’:
../src/ursaNative.cc:1554:34: error: no matching function for call to ‘v8::Value::Uint32Value()’
   int nid = args[0]->Uint32Value();
                                  ^
In file included from /home/namrata/.cache/node-gyp/15.6.0/include/node/node.h:63:0,
                 from ../src/ursaNative.h:9,
                 from ../src/ursaNative.cc:3:
/home/namrata/.cache/node-gyp/15.6.0/include/node/v8.h:2912:41: note: candidate: v8::Maybe<unsigned int> v8::Value::Uint32Value(v8::Local<v8::Context>) const
   V8_WARN_UNUSED_RESULT Maybe<uint32_t> Uint32Value(
                                         ^~~~~~~~~~~
/home/namrata/.cache/node-gyp/15.6.0/include/node/v8.h:2912:41: note:   candidate expects 1 argument, 0 provided
../src/ursaNative.cc:1584:35: error: no matching function for call to ‘v8::Value::Uint32Value()’
   int sLen = args[2]->Uint32Value();
                                   ^
In file included from /home/namrata/.cache/node-gyp/15.6.0/include/node/node.h:63:0,
                 from ../src/ursaNative.h:9,
                 from ../src/ursaNative.cc:3:
/home/namrata/.cache/node-gyp/15.6.0/include/node/v8.h:2912:41: note: candidate: v8::Maybe<unsigned int> v8::Value::Uint32Value(v8::Local<v8::Context>) const
   V8_WARN_UNUSED_RESULT Maybe<uint32_t> Uint32Value(
                                         ^~~~~~~~~~~
/home/namrata/.cache/node-gyp/15.6.0/include/node/v8.h:2912:41: note:   candidate expects 1 argument, 0 provided
../src/ursaNative.cc: In static member function ‘static Nan::NAN_METHOD_RETURN_TYPE RsaWrap::VerifyPSSPadding(Nan::NAN_METHOD_ARGS_TYPE)’:
../src/ursaNative.cc:1627:34: error: no matching function for call to ‘v8::Value::Uint32Value()’
   int nid = args[0]->Uint32Value();
                                  ^
In file included from /home/namrata/.cache/node-gyp/15.6.0/include/node/node.h:63:0,
                 from ../src/ursaNative.h:9,
                 from ../src/ursaNative.cc:3:
/home/namrata/.cache/node-gyp/15.6.0/include/node/v8.h:2912:41: note: candidate: v8::Maybe<unsigned int> v8::Value::Uint32Value(v8::Local<v8::Context>) const
   V8_WARN_UNUSED_RESULT Maybe<uint32_t> Uint32Value(
                                         ^~~~~~~~~~~
/home/namrata/.cache/node-gyp/15.6.0/include/node/v8.h:2912:41: note:   candidate expects 1 argument, 0 provided
../src/ursaNative.cc:1674:35: error: no matching function for call to ‘v8::Value::Uint32Value()’
   int sLen = args[3]->Uint32Value();
                                   ^
In file included from /home/namrata/.cache/node-gyp/15.6.0/include/node/node.h:63:0,
                 from ../src/ursaNative.h:9,
                 from ../src/ursaNative.cc:3:
/home/namrata/.cache/node-gyp/15.6.0/include/node/v8.h:2912:41: note: candidate: v8::Maybe<unsigned int> v8::Value::Uint32Value(v8::Local<v8::Context>) const
   V8_WARN_UNUSED_RESULT Maybe<uint32_t> Uint32Value(
                                         ^~~~~~~~~~~
/home/namrata/.cache/node-gyp/15.6.0/include/node/v8.h:2912:41: note:   candidate expects 1 argument, 0 provided
make: *** [Release/obj.target/ursaNative/src/ursaNative.o] Error 1
gyp ERR! build error 
gyp ERR! stack Error: `make` failed with exit code: 2
gyp ERR! stack     at ChildProcess.onExit (/usr/lib/node_modules/npm/node_modules/node-gyp/lib/build.js:194:23)
gyp ERR! stack     at ChildProcess.emit (node:events:379:20)
gyp ERR! stack     at Process.ChildProcess._handle.onexit (node:internal/child_process:285:12)
gyp ERR! System Linux 4.15.0-132-generic
gyp ERR! command "/usr/bin/node" "/usr/lib/node_modules/npm/node_modules/node-gyp/bin/node-gyp.js" "rebuild"
gyp ERR! cwd /home/namrata/namrata/node_modules/ursa-optional
gyp ERR! node -v v15.6.0
gyp ERR! node-gyp -v v7.1.2
gyp ERR! not ok 
npm ERR! code 1
npm ERR! path /home/namrata/namrata/node_modules/ursa-optional
npm ERR! command failed
npm ERR! command sh -c node-gyp rebuild

npm ERR! A complete log of this run can be found in:
npm ERR!     /home/namrata/.npm/_logs/2021-02-02T06_06_38_823Z-debug.log
